2024-11-19 06:33:29,333 - WARNING - sorry amount lass the zero
2024-11-19 06:33:37,851 - WARNING - sorry amount lass the zero
2024-11-19 06:33:42,981 - WARNING - sorry amount lass the zero
2024-11-19 06:33:54,097 - WARNING - sorry amount lass the zero
2024-11-19 06:41:56,204 - WARNING - sorry amount lass the zero
2024-11-19 06:41:56,204 - INFO - new update quantity:318
2024-11-19 06:44:54,315 - WARNING - sorry amount lass the zero
2024-11-19 06:44:54,315 - INFO - new update quantity:318
2024-11-19 06:45:12,491 - WARNING - sorry amount lass the zero
2024-11-19 06:45:12,492 - INFO - new update quantity:318
2024-11-19 06:45:42,302 - WARNING - sorry amount lass the zero
2024-11-19 06:45:42,302 - INFO - new update quantity:318
2024-11-19 06:45:54,248 - WARNING - sorry amount lass the zero
2024-11-19 06:45:54,248 - INFO - new update quantity:318
2024-11-19 06:48:44,799 - WARNING - sorry amount lass the zero
2024-11-19 06:48:44,800 - INFO - new update quantity:318
2024-11-19 06:49:58,572 - INFO - new update quantity:353
2024-11-19 06:50:47,164 - INFO - new update quantity:353
2024-11-19 06:50:52,559 - INFO - new update quantity:38
2024-11-19 06:52:42,059 - INFO - new update quantity:38
2024-11-19 06:53:15,818 - INFO - new update quantity:38
2024-11-19 06:53:33,304 - INFO - new update quantity:38
2024-11-19 06:54:10,031 - INFO - new update quantity:38
2024-11-19 06:54:44,885 - INFO - new update quantity:38
2024-11-19 06:54:47,749 - INFO - new update quantity:38
2024-11-19 06:55:03,445 - INFO - new update quantity:38
2024-11-19 06:55:03,449 - WARNING - sorry amount lass the zero
2024-11-19 06:55:03,449 - INFO - new update quantity:28
2024-11-20 08:25:29,251 - INFO - new items id:1 successful.
2024-11-20 08:25:29,274 - INFO - اطلاعات دیجیتال آیتم با شناسه 1 بروزرسانی شد.
2024-11-20 08:26:20,805 - INFO - new items id:2 successful.
2024-11-20 08:26:20,829 - INFO - اطلاعات دیجیتال آیتم با شناسه 2 بروزرسانی شد.
2024-11-20 08:30:14,336 - INFO - new items id:3 successful.
2024-11-20 08:30:14,355 - INFO - اطلاعات دیجیتال آیتم با شناسه 3 بروزرسانی شد.
2024-11-20 08:30:14,398 - INFO - items id  3 delete successful.
